<?xml version="1.0" encoding="UTF-8"?>
<testsuite name="regression"
           tests="3"
           failures="0"
           errors="0"
           skipped="0"
           time="10.044">
  <properties />
  
  
            <testcase name="verifyThatTheLogoDisplayOnHomePage" time="3.055" classname="com.orangehrmlive.demo.testsuite.LoginTest" />
                <testcase name="verifyUserShouldLoginSuccessFully" time="2.896" classname="com.orangehrmlive.demo.testsuite.LoginTest" />
                <testcase name="verifyUserShouldLogOutSuccessFully" time="4.093" classname="com.orangehrmlive.demo.testsuite.LoginTest" />
      
</testsuite>
